TN:
SF:src/cleaners/BaseTextCleaner.ts
FN:19,(anonymous_0)
FN:31,(anonymous_1)
FN:57,(anonymous_2)
FN:65,(anonymous_3)
FN:72,(anonymous_4)
FN:79,(anonymous_5)
FN:113,(anonymous_6)
FN:120,(anonymous_7)
FN:127,(anonymous_8)
FN:136,(anonymous_9)
FN:144,(anonymous_10)
FN:170,(anonymous_11)
FN:180,(anonymous_12)
FN:187,(anonymous_13)
FNF:14
FNH:10
FNDA:21,(anonymous_0)
FNDA:16,(anonymous_1)
FNDA:0,(anonymous_2)
FNDA:1,(anonymous_3)
FNDA:1,(anonymous_4)
FNDA:3,(anonymous_5)
FNDA:16,(anonymous_6)
FNDA:16,(anonymous_7)
FNDA:16,(anonymous_8)
FNDA:16,(anonymous_9)
FNDA:16,(anonymous_10)
FNDA:0,(anonymous_11)
FNDA:0,(anonymous_12)
FNDA:0,(anonymous_13)
DA:16,1
DA:20,21
DA:21,21
DA:22,21
DA:23,21
DA:25,21
DA:32,16
DA:33,16
DA:36,16
DA:37,0
DA:41,16
DA:44,16
DA:47,16
DA:50,16
DA:51,16
DA:58,0
DA:66,1
DA:73,1
DA:80,3
DA:81,3
DA:83,3
DA:84,0
DA:87,3
DA:88,0
DA:91,3
DA:92,0
DA:96,3
DA:98,3
DA:114,16
DA:121,16
DA:128,16
DA:129,16
DA:130,16
DA:137,16
DA:138,2
DA:150,16
DA:157,16
DA:171,0
DA:181,0
LF:39
LH:32
BRDA:36,0,0,0
BRDA:58,1,0,0
BRDA:58,1,1,0
BRDA:58,1,2,0
BRDA:59,2,0,0
BRDA:59,2,1,0
BRDA:83,3,0,0
BRDA:83,4,0,3
BRDA:83,4,1,0
BRDA:83,4,2,0
BRDA:87,5,0,0
BRDA:87,6,0,3
BRDA:87,6,1,0
BRDA:91,7,0,0
BRDA:91,8,0,3
BRDA:91,8,1,0
BRDA:100,9,0,1
BRDA:100,9,1,2
BRDA:101,10,0,2
BRDA:101,10,1,1
BRDA:128,11,0,0
BRDA:128,12,0,16
BRDA:128,12,1,16
BRDA:129,13,0,0
BRDA:129,14,0,16
BRDA:129,14,1,0
BRDA:129,14,2,0
BRDA:137,15,0,14
BRF:28
BRH:11
end_of_record
TN:
SF:src/cleaners/SanitizeHtmlCleaner.ts
FN:31,(anonymous_1)
FN:65,(anonymous_2)
FN:81,(anonymous_3)
FN:82,(anonymous_4)
FN:83,(anonymous_5)
FN:98,(anonymous_6)
FN:113,(anonymous_7)
FN:134,(anonymous_8)
FN:152,(anonymous_9)
FNF:9
FNH:8
FNDA:21,(anonymous_1)
FNDA:16,(anonymous_2)
FNDA:1,(anonymous_3)
FNDA:1,(anonymous_4)
FNDA:0,(anonymous_5)
FNDA:16,(anonymous_6)
FNDA:16,(anonymous_7)
FNDA:16,(anonymous_8)
FNDA:3,(anonymous_9)
DA:6,1
DA:7,1
DA:8,1
DA:30,1
DA:32,21
DA:66,16
DA:68,16
DA:70,16
DA:71,1
DA:74,15
DA:76,0
DA:77,0
DA:82,1
DA:83,1
DA:84,0
DA:87,1
DA:88,1
DA:89,1
DA:90,1
DA:92,0
DA:93,0
DA:99,16
DA:100,16
DA:103,16
DA:104,0
DA:106,16
DA:107,0
DA:110,16
DA:114,16
DA:115,16
DA:116,16
DA:117,16
DA:118,16
DA:119,16
DA:121,16
DA:135,16
DA:137,16
DA:138,2
DA:141,16
DA:142,1
DA:145,16
DA:146,1
DA:149,16
DA:157,3
DA:159,3
DA:160,1
DA:163,3
DA:164,1
DA:167,3
DA:168,1
LF:50
LH:43
BRDA:66,0,0,16
BRDA:66,0,1,0
BRDA:70,1,0,1
BRDA:77,2,0,0
BRDA:77,2,1,0
BRDA:103,3,0,0
BRDA:106,4,0,0
BRDA:114,5,0,16
BRDA:114,5,1,2
BRDA:115,6,0,16
BRDA:115,6,1,5
BRDA:116,7,0,16
BRDA:116,7,1,13
BRDA:117,8,0,16
BRDA:117,8,1,14
BRDA:118,9,0,16
BRDA:118,9,1,13
BRDA:119,10,0,16
BRDA:119,10,1,13
BRDA:137,11,0,2
BRDA:141,12,0,1
BRDA:141,13,0,16
BRDA:141,13,1,15
BRDA:145,14,0,1
BRDA:145,15,0,16
BRDA:145,15,1,15
BRDA:149,16,0,3
BRDA:149,16,1,13
BRDA:159,17,0,1
BRDA:159,18,0,3
BRDA:159,18,1,1
BRDA:163,19,0,1
BRDA:167,20,0,1
BRDA:167,21,0,3
BRDA:167,21,1,1
BRF:35
BRH:30
end_of_record
TN:
SF:src/cleaners/TextCleanerChain.ts
FN:21,(anonymous_0)
FN:30,(anonymous_1)
FN:47,(anonymous_2)
FN:48,(anonymous_3)
FN:64,(anonymous_4)
FN:70,(anonymous_5)
FN:119,(anonymous_6)
FN:126,(anonymous_7)
FN:127,(anonymous_8)
FN:133,(anonymous_9)
FN:141,(anonymous_10)
FN:142,(anonymous_11)
FN:152,(anonymous_12)
FN:159,(anonymous_13)
FN:173,(anonymous_14)
FN:186,(anonymous_15)
FN:187,(anonymous_16)
FN:196,(anonymous_17)
FN:197,(anonymous_18)
FN:210,(anonymous_19)
FN:221,(anonymous_20)
FN:227,(anonymous_21)
FN:232,(anonymous_22)
FNF:23
FNH:0
FNDA:0,(anonymous_0)
FNDA:0,(anonymous_1)
FNDA:0,(anonymous_2)
FNDA:0,(anonymous_3)
FNDA:0,(anonymous_4)
FNDA:0,(anonymous_5)
FNDA:0,(anonymous_6)
FNDA:0,(anonymous_7)
FNDA:0,(anonymous_8)
FNDA:0,(anonymous_9)
FNDA:0,(anonymous_10)
FNDA:0,(anonymous_11)
FNDA:0,(anonymous_12)
FNDA:0,(anonymous_13)
FNDA:0,(anonymous_14)
FNDA:0,(anonymous_15)
FNDA:0,(anonymous_16)
FNDA:0,(anonymous_17)
FNDA:0,(anonymous_18)
FNDA:0,(anonymous_19)
FNDA:0,(anonymous_20)
FNDA:0,(anonymous_21)
FNDA:0,(anonymous_22)
DA:15,0
DA:16,0
DA:22,0
DA:25,0
DA:26,0
DA:30,0
DA:31,0
DA:32,0
DA:33,0
DA:35,0
DA:39,0
DA:41,0
DA:48,0
DA:50,0
DA:51,0
DA:52,0
DA:55,0
DA:56,0
DA:58,0
DA:65,0
DA:66,0
DA:67,0
DA:70,0
DA:71,0
DA:74,0
DA:77,0
DA:78,0
DA:79,0
DA:80,0
DA:81,0
DA:82,0
DA:85,0
DA:86,0
DA:87,0
DA:90,0
DA:93,0
DA:107,0
DA:108,0
DA:113,0
DA:115,0
DA:119,0
DA:127,0
DA:134,0
DA:135,0
DA:142,0
DA:143,0
DA:144,0
DA:145,0
DA:154,0
DA:155,0
DA:159,0
DA:160,0
DA:164,0
DA:167,0
DA:174,0
DA:175,0
DA:176,0
DA:180,0
DA:187,0
DA:197,0
DA:199,0
DA:200,0
DA:203,0
DA:204,0
DA:211,0
DA:212,0
DA:213,0
DA:215,0
DA:227,0
DA:228,0
DA:229,0
DA:231,0
DA:232,0
DA:233,0
DA:236,0
LF:75
LH:0
BRDA:22,0,0,0
BRDA:22,0,1,0
BRDA:25,1,0,0
BRDA:31,2,0,0
BRDA:31,2,1,0
BRDA:50,3,0,0
BRDA:71,4,0,0
BRDA:71,4,1,0
BRDA:85,5,0,0
BRDA:102,6,0,0
BRDA:102,6,1,0
BRDA:107,7,0,0
BRDA:143,8,0,0
BRDA:143,8,1,0
BRDA:144,9,0,0
BRDA:144,9,1,0
BRDA:154,10,0,0
BRDA:154,11,0,0
BRDA:154,11,1,0
BRDA:159,12,0,0
BRDA:159,13,0,0
BRDA:159,13,1,0
BRDA:160,14,0,0
BRDA:160,14,1,0
BRDA:160,14,2,0
BRDA:174,15,0,0
BRDA:176,16,0,0
BRDA:176,16,1,0
BRDA:176,16,2,0
BRDA:199,17,0,0
BRDA:233,18,0,0
BRDA:233,18,1,0
BRDA:240,19,0,0
BRDA:240,19,1,0
BRF:34
BRH:0
end_of_record
TN:
SF:src/cleaners/TextCleanerRegistry.ts
FN:17,(anonymous_0)
FN:24,(anonymous_1)
FN:34,(anonymous_2)
FN:50,(anonymous_3)
FN:63,(anonymous_4)
FN:70,(anonymous_5)
FN:77,(anonymous_6)
FN:78,(anonymous_7)
FN:86,(anonymous_8)
FN:93,(anonymous_9)
FN:101,(anonymous_10)
FN:132,(anonymous_11)
FN:155,(anonymous_12)
FN:158,(anonymous_13)
FN:171,(anonymous_14)
FN:188,(anonymous_15)
FNF:16
FNH:0
FNDA:0,(anonymous_0)
FNDA:0,(anonymous_1)
FNDA:0,(anonymous_2)
FNDA:0,(anonymous_3)
FNDA:0,(anonymous_4)
FNDA:0,(anonymous_5)
FNDA:0,(anonymous_6)
FNDA:0,(anonymous_7)
FNDA:0,(anonymous_8)
FNDA:0,(anonymous_9)
FNDA:0,(anonymous_10)
FNDA:0,(anonymous_11)
FNDA:0,(anonymous_12)
FNDA:0,(anonymous_13)
FNDA:0,(anonymous_14)
FNDA:0,(anonymous_15)
DA:13,0
DA:18,0
DA:25,0
DA:26,0
DA:28,0
DA:35,0
DA:36,0
DA:39,0
DA:40,0
DA:43,0
DA:44,0
DA:51,0
DA:52,0
DA:53,0
DA:56,0
DA:57,0
DA:64,0
DA:71,0
DA:78,0
DA:79,0
DA:87,0
DA:94,0
DA:95,0
DA:106,0
DA:107,0
DA:109,0
DA:110,0
DA:111,0
DA:114,0
DA:115,0
DA:122,0
DA:134,0
DA:135,0
DA:136,0
DA:137,0
DA:138,0
DA:139,0
DA:142,0
DA:143,0
DA:144,0
DA:145,0
DA:146,0
DA:147,0
DA:149,0
DA:156,0
DA:158,0
DA:159,0
DA:160,0
DA:162,0
DA:172,0
DA:174,0
DA:175,0
DA:182,0
DA:189,0
DA:190,0
DA:191,0
DA:192,0
DA:193,0
LF:58
LH:0
BRDA:25,0,0,0
BRDA:35,1,0,0
BRDA:35,2,0,0
BRDA:35,2,1,0
BRDA:39,3,0,0
BRDA:51,4,0,0
BRDA:110,5,0,0
BRDA:117,6,0,0
BRDA:117,6,1,0
BRDA:155,7,0,0
BRDA:159,8,0,0
BRDA:159,8,1,0
BRDA:160,9,0,0
BRDA:160,9,1,0
BRDA:162,10,0,0
BRDA:162,10,1,0
BRDA:191,11,0,0
BRDA:191,12,0,0
BRDA:191,12,1,0
BRF:19
BRH:0
end_of_record
